<?xml version="1.0" encoding="UTF-8"?>
<!-- Generated by org.testng.reporters.JUnitXMLReporter -->
<testsuite ignored="0" hostname="LIN-5CG0148J7S" failures="0" tests="4" name="Test" time="4.153" errors="0" timestamp="2024-07-29T11:39:33 IST">
  <testcase classname="restdayeight.ChainingClass" name="testcreateUser" time="3.634"/>
  <testcase classname="restdayeight.GetUserdataClass" name="testGetUser" time="0.326"/>
  <testcase classname="restdayeight.updateUserClass" name="testUpdateUser" time="0.062"/>
  <testcase classname="restdayeight.DeleteUserClass" name="testDeleteUser" time="0.034"/>
</testsuite> <!-- Test -->
