<?xml version="1.0" encoding="UTF-8"?>
<testng-results ignored="0" total="4" passed="4" failed="0" skipped="0">
  <reporter-output>
  </reporter-output>
  <suite started-at="2024-07-29T11:39:29 IST" name="Suite" finished-at="2024-07-29T11:39:33 IST" duration-ms="4153">
    <groups>
    </groups>
    <test started-at="2024-07-29T11:39:29 IST" name="Test" finished-at="2024-07-29T11:39:33 IST" duration-ms="4153">
      <class name="restdayeight.DeleteUserClass">
        <test-method signature="testDeleteUser(org.testng.ITestContext)[pri:0, instance:restdayeight.DeleteUserClass@58cbafc2]" started-at="2024-07-29T11:39:33 IST" name="testDeleteUser" finished-at="2024-07-29T11:39:33 IST" duration-ms="34" status="PASS">
          <params>
            <param index="0">
              <value>
                <![CDATA[org.testng.TestRunner@3214ee6]]>
              </value>
            </param>
          </params>
          <reporter-output>
          </reporter-output>
        </test-method> <!-- testDeleteUser -->
      </class> <!-- restdayeight.DeleteUserClass -->
      <class name="restdayeight.GetUserdataClass">
        <test-method signature="testGetUser(org.testng.ITestContext)[pri:0, instance:restdayeight.GetUserdataClass@235ecd9f]" started-at="2024-07-29T11:39:32 IST" name="testGetUser" finished-at="2024-07-29T11:39:33 IST" duration-ms="326" status="PASS">
          <params>
            <param index="0">
              <value>
                <![CDATA[org.testng.TestRunner@3214ee6]]>
              </value>
            </param>
          </params>
          <reporter-output>
          </reporter-output>
        </test-method> <!-- testGetUser -->
      </class> <!-- restdayeight.GetUserdataClass -->
      <class name="restdayeight.ChainingClass">
        <test-method signature="testcreateUser(org.testng.ITestContext)[pri:0, instance:restdayeight.ChainingClass@2eae8e6e]" started-at="2024-07-29T11:39:29 IST" name="testcreateUser" finished-at="2024-07-29T11:39:32 IST" duration-ms="3634" status="PASS">
          <params>
            <param index="0">
              <value>
                <![CDATA[org.testng.TestRunner@3214ee6]]>
              </value>
            </param>
          </params>
          <reporter-output>
          </reporter-output>
        </test-method> <!-- testcreateUser -->
      </class> <!-- restdayeight.ChainingClass -->
      <class name="restdayeight.updateUserClass">
        <test-method signature="testUpdateUser(org.testng.ITestContext)[pri:0, instance:restdayeight.updateUserClass@1ca3b418]" started-at="2024-07-29T11:39:33 IST" name="testUpdateUser" finished-at="2024-07-29T11:39:33 IST" duration-ms="62" status="PASS">
          <params>
            <param index="0">
              <value>
                <![CDATA[org.testng.TestRunner@3214ee6]]>
              </value>
            </param>
          </params>
          <reporter-output>
          </reporter-output>
        </test-method> <!-- testUpdateUser -->
      </class> <!-- restdayeight.updateUserClass -->
    </test> <!-- Test -->
  </suite> <!-- Suite -->
</testng-results>
